SF:lib\services\plan_cache_service.dart
DA:20,1
DA:26,0
DA:27,0
DA:28,0
DA:33,1
DA:35,2
DA:36,2
DA:39,1
DA:44,1
DA:45,1
DA:46,1
DA:48,2
DA:49,5
DA:50,1
DA:54,1
DA:55,1
DA:56,5
DA:59,1
DA:60,1
DA:66,1
DA:68,2
DA:69,2
DA:71,2
DA:72,2
DA:74,5
DA:76,0
DA:82,1
DA:84,2
DA:85,2
DA:86,1
DA:88,0
DA:93,1
DA:94,2
DA:95,2
DA:98,1
DA:101,1
DA:102,2
DA:103,2
DA:105,1
DA:110,1
DA:123,1
LF:41
LH:36
end_of_record
SF:lib\services\models\plan_models.dart
DA:12,6
DA:18,4
DA:19,2
DA:21,0
DA:22,0
DA:30,3
DA:35,2
DA:36,2
DA:38,0
DA:39,0
DA:66,3
DA:81,2
DA:82,2
DA:84,0
DA:85,0
DA:86,0
DA:87,0
DA:88,0
DA:89,0
DA:90,0
DA:91,0
DA:92,0
DA:93,0
DA:94,0
DA:95,0
DA:96,0
DA:97,0
DA:101,0
DA:102,0
LF:29
LH:9
end_of_record
SF:lib\services\models\plan_models.g.dart
DA:9,4
DA:10,2
DA:11,2
DA:12,2
DA:13,4
DA:14,2
DA:17,2
DA:18,1
DA:19,1
DA:20,1
DA:23,2
DA:24,1
DA:25,1
DA:26,3
DA:27,1
DA:30,2
DA:31,1
DA:32,1
DA:35,2
DA:36,1
DA:37,1
DA:38,1
DA:39,2
DA:40,2
DA:41,2
DA:42,2
DA:43,1
DA:45,1
DA:46,1
DA:47,1
DA:48,1
DA:51,2
DA:52,1
DA:53,1
DA:54,1
DA:55,1
DA:56,1
DA:57,1
DA:58,1
DA:59,1
DA:60,1
DA:61,1
DA:62,1
DA:63,1
LF:44
LH:44
end_of_record
SF:lib\services\log_service.dart
DA:17,0
DA:20,0
DA:23,4
DA:26,2
DA:27,2
DA:31,3
DA:32,3
DA:36,1
DA:37,1
DA:41,2
DA:42,2
DA:46,4
DA:54,16
DA:56,8
DA:57,8
DA:58,4
DA:61,8
DA:64,6
DA:68,3
DA:72,4
DA:73,2
DA:79,2
LF:22
LH:20
end_of_record
SF:lib\screens\generate_plan_screen.dart
DA:10,2
DA:15,2
DA:16,2
DA:24,2
DA:26,2
DA:27,6
DA:28,4
DA:31,2
DA:33,4
DA:34,2
DA:40,1
DA:41,2
DA:42,1
DA:43,1
DA:47,1
DA:49,4
DA:54,2
DA:56,1
DA:57,2
DA:58,1
DA:61,0
DA:62,0
DA:63,0
DA:64,0
DA:69,2
DA:71,2
DA:72,2
DA:75,2
DA:76,2
DA:83,2
DA:84,2
DA:86,2
DA:87,2
DA:88,2
DA:91,2
DA:92,0
DA:93,2
DA:94,2
DA:95,2
DA:96,2
DA:100,2
DA:102,2
DA:118,2
DA:123,2
DA:125,2
DA:127,2
DA:129,2
DA:130,4
DA:131,2
DA:138,4
DA:139,2
DA:153,0
DA:155,0
DA:157,0
DA:159,0
DA:160,0
DA:161,0
DA:163,0
DA:164,0
DA:165,0
DA:175,7
DA:177,2
DA:179,2
LF:63
LH:49
end_of_record
SF:lib\services\plan_service.dart
DA:10,1
DA:13,1
DA:14,4
DA:16,2
DA:18,1
DA:20,1
DA:21,4
DA:24,0
DA:30,0
DA:31,0
DA:33,0
DA:34,0
DA:36,0
DA:42,0
DA:43,0
DA:45,0
DA:46,0
DA:47,0
DA:50,0
LF:19
LH:7
end_of_record
SF:lib\services\models\plan_request.dart
DA:15,2
DA:24,0
DA:25,2
DA:27,0
DA:28,0
LF:5
LH:2
end_of_record
SF:lib\services\models\plan_request.g.dart
DA:9,0
DA:10,0
DA:11,0
DA:12,0
DA:13,0
DA:14,0
DA:15,0
DA:16,0
DA:19,1
DA:21,1
DA:22,1
DA:23,1
DA:24,1
DA:25,1
DA:26,1
DA:27,1
LF:16
LH:8
end_of_record
SF:lib\widgets\meal_card.dart
DA:20,7
DA:34,2
DA:35,2
DA:48,0
DA:50,2
DA:52,2
DA:53,6
DA:54,6
DA:55,6
DA:56,6
DA:57,2
DA:60,1
DA:61,2
DA:62,2
DA:66,2
DA:67,2
DA:68,1
DA:69,2
DA:70,1
DA:71,6
DA:75,1
DA:77,2
DA:78,1
DA:80,1
DA:81,4
DA:86,1
DA:87,3
DA:90,2
DA:91,1
DA:95,0
DA:96,0
DA:97,0
DA:98,0
DA:102,0
DA:103,0
DA:104,0
DA:105,0
DA:106,0
DA:109,0
DA:111,0
DA:113,0
DA:114,0
DA:118,0
DA:119,0
DA:123,0
DA:124,0
DA:125,0
DA:126,0
DA:127,0
DA:128,0
DA:129,0
DA:131,0
DA:132,0
DA:135,0
DA:136,0
DA:137,0
DA:138,0
DA:139,0
DA:140,0
DA:142,0
DA:146,0
DA:147,0
DA:148,0
DA:149,0
DA:150,0
DA:152,0
DA:154,0
DA:155,0
DA:156,0
DA:157,0
DA:159,0
DA:164,1
DA:165,1
DA:166,3
DA:167,3
DA:168,1
DA:169,1
DA:170,1
DA:173,1
DA:174,2
DA:178,1
DA:186,0
DA:187,0
DA:188,0
DA:189,0
DA:190,0
DA:191,0
DA:192,0
DA:195,0
DA:198,0
DA:200,0
DA:202,0
DA:205,0
DA:213,0
DA:214,0
DA:215,0
DA:216,0
DA:217,0
DA:219,0
DA:221,0
DA:222,0
DA:229,0
DA:233,0
DA:236,0
DA:238,0
DA:239,0
DA:242,0
DA:243,0
DA:244,0
DA:247,0
DA:250,0
DA:262,0
DA:263,0
DA:264,0
DA:269,0
DA:270,0
DA:272,0
DA:273,0
DA:274,0
DA:275,0
DA:276,0
DA:277,0
DA:278,0
DA:279,0
DA:282,0
DA:283,0
DA:284,0
DA:285,0
DA:286,0
DA:288,0
DA:289,0
DA:290,0
DA:291,0
DA:292,0
DA:293,0
DA:302,1
DA:303,1
DA:304,1
DA:308,1
DA:309,1
DA:311,1
DA:313,1
DA:314,1
DA:318,1
DA:319,1
DA:320,1
DA:326,3
DA:327,0
DA:329,0
DA:330,0
DA:331,0
DA:332,0
DA:334,0
DA:335,0
DA:340,5
DA:342,1
DA:343,1
DA:344,2
DA:345,1
DA:347,1
DA:348,1
DA:358,2
DA:360,2
DA:362,2
DA:364,2
DA:365,2
DA:366,2
DA:367,2
DA:369,2
DA:370,2
DA:371,2
DA:373,2
DA:374,2
DA:376,2
DA:377,2
DA:378,2
DA:379,2
DA:383,2
DA:386,6
DA:390,2
DA:393,2
DA:394,2
DA:395,2
DA:396,2
DA:397,0
DA:400,2
DA:401,0
DA:403,0
DA:404,0
DA:405,0
DA:407,0
DA:408,0
DA:409,0
DA:411,0
DA:412,0
DA:413,0
DA:414,0
DA:416,0
DA:417,0
DA:418,0
DA:422,0
DA:423,0
DA:424,0
DA:425,0
DA:427,0
DA:429,0
DA:431,0
DA:445,2
DA:446,4
DA:447,2
DA:448,2
DA:449,2
DA:452,2
DA:461,2
DA:462,2
DA:464,4
DA:465,1
DA:468,4
DA:470,2
DA:471,2
DA:483,2
DA:484,2
DA:486,2
DA:487,2
DA:488,2
DA:489,4
DA:491,2
DA:492,2
DA:504,0
DA:509,0
DA:510,0
DA:518,0
DA:520,0
DA:521,0
DA:522,0
DA:523,0
DA:527,0
DA:529,0
DA:531,0
DA:533,0
DA:535,0
DA:539,0
DA:540,0
DA:541,0
DA:549,0
DA:550,0
DA:551,0
DA:555,0
DA:556,0
DA:557,0
DA:558,0
DA:559,0
DA:560,0
DA:561,0
DA:562,0
DA:563,0
DA:567,0
DA:569,0
DA:571,0
DA:573,0
DA:575,0
DA:577,0
DA:578,0
DA:579,0
DA:580,0
DA:581,0
DA:582,0
DA:585,0
DA:586,0
DA:588,0
DA:589,0
DA:594,0
DA:595,0
DA:596,0
DA:597,0
DA:598,0
DA:599,0
DA:601,0
DA:603,0
DA:604,0
DA:605,0
DA:607,0
DA:612,0
DA:613,0
DA:614,0
DA:615,0
DA:616,0
DA:623,0
DA:624,0
DA:625,0
DA:626,0
DA:627,0
DA:629,0
DA:630,0
DA:631,0
DA:633,0
DA:634,0
DA:635,0
DA:636,0
DA:644,0
DA:645,0
DA:647,0
DA:648,0
DA:649,0
DA:662,0
LF:305
LH:102
end_of_record
SF:lib\widgets\week_view.dart
DA:16,2
DA:22,1
DA:25,1
DA:39,1
DA:61,0
DA:63,0
DA:66,0
DA:67,0
DA:68,0
DA:70,0
DA:72,0
DA:77,0
DA:78,0
DA:79,0
DA:80,0
DA:92,0
DA:97,0
DA:100,0
DA:102,0
DA:104,0
DA:106,0
DA:107,0
DA:110,0
DA:111,0
DA:114,0
DA:115,0
DA:116,0
DA:119,0
DA:124,0
DA:126,0
DA:128,0
DA:129,0
DA:140,0
DA:145,0
DA:147,0
DA:148,0
DA:149,0
DA:150,0
DA:152,0
DA:153,0
DA:154,0
DA:155,0
DA:158,0
DA:159,0
DA:160,0
DA:161,0
DA:162,0
DA:165,0
DA:171,0
DA:172,0
DA:173,0
DA:174,0
DA:176,0
DA:177,0
DA:179,0
DA:180,0
DA:182,0
DA:183,0
DA:184,0
DA:185,0
DA:200,0
DA:206,0
DA:207,0
DA:208,0
DA:209,0
DA:210,0
DA:211,0
LF:67
LH:4
end_of_record
SF:lib\services\algo_client.dart
DA:17,1
DA:19,0
DA:20,0
DA:23,0
DA:29,0
DA:32,0
DA:33,0
DA:40,1
DA:41,4
DA:42,1
DA:49,1
DA:52,1
DA:53,4
DA:55,1
DA:56,1
DA:62,1
DA:65,2
DA:67,1
DA:68,1
DA:70,3
DA:71,2
DA:72,1
DA:73,1
DA:74,1
DA:76,0
DA:82,1
DA:83,0
DA:84,0
DA:85,0
DA:86,0
DA:90,1
DA:91,2
DA:94,3
DA:95,1
DA:99,1
DA:100,1
DA:102,1
DA:103,3
DA:104,1
DA:109,0
DA:112,1
DA:113,2
DA:114,0
DA:115,0
DA:116,0
DA:120,0
DA:121,0
DA:127,1
DA:128,2
DA:129,0
DA:130,0
DA:131,1
DA:133,1
DA:137,0
DA:138,0
DA:140,0
DA:144,0
DA:145,0
DA:147,0
DA:148,0
DA:154,0
DA:155,0
DA:162,0
DA:163,0
LF:64
LH:34
end_of_record
SF:lib\services\algo_config.dart
DA:18,0
DA:25,0
DA:27,0
DA:33,0
DA:34,0
DA:39,0
DA:47,0
DA:48,0
DA:49,0
DA:51,0
DA:52,0
DA:53,0
LF:12
LH:0
end_of_record
SF:lib\services\errors.dart
DA:6,1
DA:8,0
DA:9,0
DA:13,1
DA:14,1
DA:18,0
DA:19,0
DA:24,0
DA:25,0
DA:29,0
DA:30,0
DA:38,1
DA:42,1
DA:44,1
DA:45,1
DA:46,1
DA:47,1
DA:48,1
DA:52,0
DA:54,0
LF:20
LH:10
end_of_record
SF:lib\services\models\swap_models.dart
DA:12,1
DA:20,2
DA:21,1
DA:22,1
DA:23,1
DA:24,1
DA:25,1
DA:40,1
DA:51,1
DA:52,1
DA:53,1
DA:54,1
DA:55,1
DA:56,2
DA:57,2
DA:58,2
DA:59,2
DA:60,2
DA:71,1
DA:77,1
DA:78,1
DA:79,1
DA:80,3
DA:81,1
DA:82,1
DA:83,1
LF:26
LH:26
end_of_record
SF:lib\services\api_client.dart
DA:10,0
DA:11,0
DA:15,0
DA:20,0
DA:25,0
DA:29,0
DA:35,0
DA:38,0
DA:39,0
DA:46,0
DA:48,0
DA:49,0
DA:50,0
DA:51,0
DA:55,0
DA:57,0
DA:58,0
DA:59,0
DA:60,0
DA:64,0
DA:66,0
DA:67,0
DA:68,0
DA:69,0
DA:73,0
DA:75,0
DA:76,0
DA:77,0
DA:78,0
DA:82,0
DA:83,0
DA:84,0
DA:85,0
DA:88,0
DA:89,0
DA:90,0
DA:91,0
DA:92,0
DA:93,0
DA:95,0
DA:96,0
DA:98,0
DA:99,0
DA:101,0
DA:102,0
DA:106,0
LF:46
LH:0
end_of_record
SF:lib\services\models\portion_size.dart
DA:39,1
DA:47,1
DA:48,1
DA:49,2
DA:50,2
DA:51,2
DA:52,2
DA:53,2
DA:58,1
DA:59,3
LF:10
LH:10
end_of_record
SF:lib\widgets\weekly_summary.dart
DA:10,0
DA:12,0
DA:14,0
DA:17,0
DA:18,0
DA:20,0
DA:22,0
DA:23,0
DA:24,0
DA:31,0
DA:34,0
DA:42,0
DA:44,0
DA:46,0
DA:48,0
DA:49,0
DA:51,0
DA:56,0
DA:57,0
DA:58,0
DA:63,0
DA:65,0
DA:66,0
DA:67,0
DA:68,0
DA:69,0
DA:70,0
DA:71,0
DA:72,0
DA:73,0
DA:76,0
DA:80,0
DA:82,0
DA:83,0
DA:84,0
DA:85,0
DA:86,0
DA:87,0
DA:88,0
DA:89,0
DA:90,0
DA:94,0
DA:95,0
DA:96,0
DA:97,0
DA:98,0
DA:99,0
DA:100,0
DA:104,0
DA:105,0
DA:107,0
DA:108,0
DA:109,0
DA:110,0
DA:112,0
DA:113,0
DA:114,0
DA:124,0
DA:125,0
DA:126,0
DA:130,0
DA:131,0
DA:132,0
DA:133,0
DA:136,0
DA:148,1
DA:158,2
DA:159,2
DA:160,1
DA:162,2
DA:163,3
DA:164,3
DA:165,3
DA:166,3
DA:167,1
DA:168,2
DA:173,2
DA:175,2
DA:177,1
DA:178,1
DA:179,1
DA:180,1
DA:181,2
DA:183,1
DA:196,1
DA:197,2
DA:213,1
DA:225,1
DA:226,5
DA:229,1
DA:230,5
DA:233,1
DA:234,2
DA:237,1
DA:238,2
LF:95
LH:30
end_of_record
